<?xml version="1.0" encoding="UTF-8"?>
<!-- Generated by org.testng.reporters.JUnitReportReporter -->
<testsuite hostname="DESKTOP-BI1C34B" failures="0" tests="3" name="com.inetBankingV1.testCases.TC_AddAddressesCustomerPage_005" time="171.517" errors="0" timestamp="04 Aug 2022 07:59:02 GMT" skipped="0">
  <testcase classname="com.inetBankingV1.testCases.TC_AddAddressesCustomerPage_005" name="deleteAddressesIfExitsCustomer" time="6.185"/>
  <testcase classname="com.inetBankingV1.testCases.TC_AddAddressesCustomerPage_005" name="addAddressesCustomer" time="82.864"/>
  <testcase classname="com.inetBankingV1.testCases.TC_AddAddressesCustomerPage_005" name="addAddressesIfExitsCustomer" time="82.468"/>
</testsuite> <!-- com.inetBankingV1.testCases.TC_AddAddressesCustomerPage_005 -->
