<?xml version="1.0" encoding="UTF-8"?>
<!-- Generated by org.testng.reporters.JUnitReportReporter -->
<testsuite hostname="LAPTOP-PBRMB58U" failures="0" tests="1" name="com.bookingJS.testCases.TC_HotelTest_002" time="0.002" errors="0" timestamp="20 Oct 2022 06:05:05 GMT" skipped="0">
  <testcase classname="com.bookingJS.testCases.TC_HotelTest_002" name="hotel" time="0.002"/>
</testsuite> <!-- com.bookingJS.testCases.TC_HotelTest_002 -->
