<?xml version="1.0" encoding="UTF-8"?>
<!-- Generated by org.testng.reporters.JUnitReportReporter -->
<testsuite hostname="DESKTOP-BI1C34B" failures="0" tests="1" name="com.inetBankingV1.testCases.TC_CreateOrderPage_007" time="23.204" errors="0" timestamp="10 Aug 2022 14:23:10 GMT" skipped="0">
  <testcase classname="com.inetBankingV1.testCases.TC_CreateOrderPage_007" name="createOrder" time="23.204"/>
</testsuite> <!-- com.inetBankingV1.testCases.TC_CreateOrderPage_007 -->
