<?xml version="1.0" encoding="UTF-8"?>
<!-- Generated by org.testng.reporters.JUnitReportReporter -->
<testsuite hostname="DESKTOP-BI1C34B" failures="0" tests="1" name="com.inetBankingV1.testCases.TC_AddCustomerTest_003" time="8.439" errors="0" timestamp="10 Aug 2022 14:22:07 GMT" skipped="0">
  <testcase classname="com.inetBankingV1.testCases.TC_AddCustomerTest_003" name="addCustomer" time="8.439"/>
</testsuite> <!-- com.inetBankingV1.testCases.TC_AddCustomerTest_003 -->
