<?xml version="1.0" encoding="UTF-8"?>
<!-- Generated by org.testng.reporters.JUnitReportReporter -->
<testsuite hostname="LAPTOP-PBRMB58U" failures="0" tests="6" name="com.bookingJS.testCases.TC_SearchTest_001" time="42.332" errors="0" timestamp="15 Oct 2022 10:50:27 GMT" skipped="0">
  <testcase classname="com.bookingJS.testCases.TC_SearchTest_001" name="loginTest" time="6.802"/>
  <testcase classname="com.bookingJS.testCases.TC_SearchTest_001" name="loginTest" time="8.093"/>
  <testcase classname="com.bookingJS.testCases.TC_SearchTest_001" name="loginTest" time="7.274"/>
  <testcase classname="com.bookingJS.testCases.TC_SearchTest_001" name="loginTest" time="6.899"/>
  <testcase classname="com.bookingJS.testCases.TC_SearchTest_001" name="loginTest" time="6.461"/>
  <testcase classname="com.bookingJS.testCases.TC_SearchTest_001" name="loginTest" time="6.803"/>
</testsuite> <!-- com.bookingJS.testCases.TC_SearchTest_001 -->
