<?xml version="1.0" encoding="UTF-8"?>
<!-- Generated by org.testng.reporters.JUnitReportReporter -->
<testsuite hostname="LAPTOP-PBRMB58U" failures="0" tests="1" name="com.bookingJS.testCases.TC_DetailsHotelTest_003" time="109.144" errors="0" timestamp="15 Oct 2022 10:50:27 GMT" skipped="0">
  <testcase classname="com.bookingJS.testCases.TC_DetailsHotelTest_003" name="detailsHotel" time="109.144"/>
</testsuite> <!-- com.bookingJS.testCases.TC_DetailsHotelTest_003 -->
