<?xml version="1.0" encoding="UTF-8"?>
<!-- Generated by org.testng.reporters.JUnitReportReporter -->
<testsuite hostname="LAPTOP-PBRMB58U" failures="0" tests="6" name="com.bookingJS.testCases.TC_SearchTest_001" time="55.345" errors="0" timestamp="20 Oct 2022 06:05:05 GMT" skipped="0">
  <testcase classname="com.bookingJS.testCases.TC_SearchTest_001" name="loginTest" time="5.802"/>
  <testcase classname="com.bookingJS.testCases.TC_SearchTest_001" name="loginTest" time="5.892"/>
  <testcase classname="com.bookingJS.testCases.TC_SearchTest_001" name="loginTest" time="15.741"/>
  <testcase classname="com.bookingJS.testCases.TC_SearchTest_001" name="loginTest" time="16.317"/>
  <testcase classname="com.bookingJS.testCases.TC_SearchTest_001" name="loginTest" time="5.810"/>
  <testcase classname="com.bookingJS.testCases.TC_SearchTest_001" name="loginTest" time="5.783"/>
</testsuite> <!-- com.bookingJS.testCases.TC_SearchTest_001 -->
