<?xml version="1.0" encoding="UTF-8"?>
<!-- Generated by org.testng.reporters.JUnitReportReporter -->
<testsuite hostname="LAPTOP-PBRMB58U" failures="0" tests="1" name="com.bookingJS.testCases.TC_HotelTest_002" time="146.337" errors="0" timestamp="15 Oct 2022 10:50:27 GMT" skipped="0">
  <testcase classname="com.bookingJS.testCases.TC_HotelTest_002" name="addAddressesCustomer" time="146.337"/>
</testsuite> <!-- com.bookingJS.testCases.TC_HotelTest_002 -->
