<?xml version="1.0" encoding="UTF-8"?>
<!-- Generated by org.testng.reporters.JUnitReportReporter -->
<testsuite hostname="LAPTOP-PBRMB58U" failures="0" tests="1" name="com.bookingJS.testCases.TC_LoginDDT_002" time="0.331" errors="0" timestamp="14 Oct 2022 20:04:30 GMT" skipped="0">
  <testcase classname="com.bookingJS.testCases.TC_LoginDDT_002" name="loginDDT" time="0.331"/>
</testsuite> <!-- com.bookingJS.testCases.TC_LoginDDT_002 -->
