<?xml version="1.0" encoding="UTF-8"?>
<!-- Generated by org.testng.reporters.JUnitReportReporter -->
<testsuite hostname="LAPTOP-PBRMB58U" failures="0" tests="1" name="com.bookingJS.testCases.TC_LoginTest_001" time="9.660" errors="0" timestamp="13 Oct 2022 09:23:51 GMT" skipped="0">
  <testcase classname="com.bookingJS.testCases.TC_LoginTest_001" name="loginTest" time="9.660"/>
</testsuite> <!-- com.bookingJS.testCases.TC_LoginTest_001 -->
