<?xml version="1.0" encoding="UTF-8"?>
<!-- Generated by org.testng.reporters.JUnitReportReporter -->
<testsuite hostname="LAPTOP-PBRMB58U" failures="0" tests="1" name="com.bookingJS.testCases.TC_DetailsHotelTest_003" time="0.000" errors="0" timestamp="20 Oct 2022 06:05:05 GMT" skipped="0">
  <testcase classname="com.bookingJS.testCases.TC_DetailsHotelTest_003" name="detailOfHotel" time="0.000"/>
</testsuite> <!-- com.bookingJS.testCases.TC_DetailsHotelTest_003 -->
