<?xml version="1.0" encoding="UTF-8"?>
<!-- Generated by org.testng.reporters.JUnitReportReporter -->
<testsuite hostname="DESKTOP-BI1C34B" failures="0" tests="1" name="com.inetBankingV1.testCases.TC_AddNewAccount_006" time="15.779" errors="0" timestamp="30 Jul 2022 17:00:29 GMT" skipped="0">
  <testcase classname="com.inetBankingV1.testCases.TC_AddNewAccount_006" name="addNewAccount" time="15.779"/>
</testsuite> <!-- com.inetBankingV1.testCases.TC_AddNewAccount_006 -->
